2026-07-19T15:49:48.377Z	Initializing build environment...
2026-07-19T15:49:50.681Z	Success: Finished initializing build environment
2026-07-19T15:49:51.621Z	Cloning repository...
2026-07-19T15:49:53.763Z	Restoring from dependencies cache
2026-07-19T15:49:53.765Z	Restoring from build output cache
2026-07-19T15:49:53.768Z	Detected the following tools from environment: npm@10.9.2, nodejs@22.16.0
2026-07-19T15:49:53.854Z	Installing project dependencies: npm clean-install --progress=false
2026-07-19T15:50:05.251Z	
2026-07-19T15:50:05.252Z	added 362 packages, and audited 363 packages in 9s
2026-07-19T15:50:05.252Z	
2026-07-19T15:50:05.255Z	193 packages are looking for funding
2026-07-19T15:50:05.255Z	  run `npm fund` for details
2026-07-19T15:50:05.267Z	
2026-07-19T15:50:05.267Z	3 low severity vulnerabilities
2026-07-19T15:50:05.268Z	
2026-07-19T15:50:05.268Z	To address all issues (including breaking changes), run:
2026-07-19T15:50:05.268Z	  npm audit fix --force
2026-07-19T15:50:05.268Z	
2026-07-19T15:50:05.268Z	Run `npm audit` for details.
2026-07-19T15:50:05.550Z	Executing user build command: npm run build
2026-07-19T15:50:06.806Z	
2026-07-19T15:50:06.806Z	> ovidius-astro-theme@1.0.0 build
2026-07-19T15:50:06.807Z	> astro build
2026-07-19T15:50:06.807Z	
2026-07-19T15:50:08.451Z	15:50:08 [WARN] [@astrojs/mdx] `remarkPlugins` on `mdx({...})` is deprecated. Pass it to `unified({...})` from `@astrojs/markdown-remark` and set it as `markdown.processor` instead — MDX will inherit it. Will be removed in a future major.
2026-07-19T15:50:09.143Z	15:50:09 [content] Syncing content
2026-07-19T15:50:10.249Z	15:50:10 [content] Synced content
2026-07-19T15:50:10.251Z	15:50:10 [types] Generated 1.79s
2026-07-19T15:50:10.255Z	15:50:10 [build] output: "static"
2026-07-19T15:50:10.255Z	15:50:10 [build] mode: "static"
2026-07-19T15:50:10.255Z	15:50:10 [build] directory: /opt/buildhome/repo/dist/
2026-07-19T15:50:10.256Z	15:50:10 [build] Collecting build info...
2026-07-19T15:50:10.256Z	15:50:10 [build] ✓ Completed in 1.81s.
2026-07-19T15:50:10.256Z	15:50:10 [build] Building static entrypoints...
2026-07-19T15:50:13.603Z	15:50:13 [vite] ✓ built in 3.29s
2026-07-19T15:50:13.739Z	15:50:13 [vite] ✓ built in 134ms
2026-07-19T15:50:13.745Z	15:50:13 [build] Rearranging server assets...
2026-07-19T15:50:13.767Z	
2026-07-19T15:50:13.767Z	 generating static routes 
2026-07-19T15:50:13.835Z	15:50:13   ├─ /blog/tag/SAP/index.html (+19ms) 
2026-07-19T15:50:13.839Z	15:50:13   ├─ /blog/tag/ABAP/index.html (+5ms) 
2026-07-19T15:50:13.843Z	15:50:13   ├─ /blog/tag/Cheat Sheet/index.html (+4ms) 
2026-07-19T15:50:13.846Z	15:50:13   ├─ /blog/tag/Docker/index.html (+3ms) 
2026-07-19T15:50:13.849Z	15:50:13   ├─ /blog/tag/Roadmap/index.html (+3ms) 
2026-07-19T15:50:13.852Z	15:50:13   ├─ /blog/tag/Function Module/index.html (+3ms) 
2026-07-19T15:50:13.856Z	15:50:13   ├─ /blog/tag/HTTP/index.html (+4ms) 
2026-07-19T15:50:13.860Z	15:50:13   ├─ /blog/tag/远程工作/index.html (+4ms) 
2026-07-19T15:50:13.866Z	15:50:13   ├─ /blog/tag/工作与生活平衡/index.html (+5ms) 
2026-07-19T15:50:13.869Z	15:50:13   ├─ /blog/tag/编程/index.html (+4ms) 
2026-07-19T15:50:13.873Z	15:50:13   ├─ /blog/tag/大模型/index.html (+3ms) 
2026-07-19T15:50:13.879Z	15:50:13   ├─ /blog/tag/思考/index.html (+6ms) 
2026-07-19T15:50:13.884Z	15:50:13   ├─ /blog/tag/前端开发/index.html (+5ms) 
2026-07-19T15:50:13.889Z	15:50:13   ├─ /blog/tag/作品集/index.html (+5ms) 
2026-07-19T15:50:13.899Z	15:50:13   ├─ /blog/tag/职业发展/index.html (+10ms) 
2026-07-19T15:50:13.900Z	15:50:13   ├─ /blog/tag/软技能/index.html (+2ms) 
2026-07-19T15:50:13.902Z	15:50:13   ├─ /blog/tag/团队协作/index.html (+2ms) 
2026-07-19T15:50:13.904Z	15:50:13   ├─ /blog/tag/沟通技巧/index.html (+2ms) 
2026-07-19T15:50:13.906Z	15:50:13   ├─ /blog/tag/深度思考/index.html (+2ms) 
2026-07-19T15:50:13.908Z	15:50:13   ├─ /blog/tag/认知提升/index.html (+2ms) 
2026-07-19T15:50:13.919Z	15:50:13   ├─ /blog/tag/方法论/index.html (+11ms) 
2026-07-19T15:50:13.924Z	15:50:13   ├─ /blog/tag/dotABAP/index.html (+6ms) 
2026-07-19T15:50:13.928Z	15:50:13   ├─ /blog/tag/Web开发/index.html (+3ms) 
2026-07-19T15:50:13.934Z	15:50:13   ├─ /blog/tag/技术演进/index.html (+6ms) 
2026-07-19T15:50:13.935Z	15:50:13   ├─ /blog/tag/Astro.js/index.html (+2ms) 
2026-07-19T15:50:13.940Z	15:50:13   ├─ /blog/tag/框架/index.html (+4ms) 
2026-07-19T15:50:13.942Z	15:50:13   ├─ /blog/tag/驻厂日记/index.html (+3ms) 
2026-07-19T15:50:13.944Z	15:50:13   ├─ /blog/tag/性能优化/index.html (+2ms) 
2026-07-19T15:50:13.946Z	15:50:13   ├─ /blog/tag/Web性能/index.html (+2ms) 
2026-07-19T15:50:13.948Z	15:50:13   ├─ /blog/tag/乱码问题/index.html (+1ms) 
2026-07-19T15:50:13.950Z	15:50:13   ├─ /blog/tag/Rough Notation/index.html (+2ms) 
2026-07-19T15:50:13.951Z	15:50:13   ├─ /blog/tag/Astro/index.html (+1ms) 
2026-07-19T15:50:13.952Z	15:50:13   ├─ /blog/tag/动画效果/index.html (+1ms) 
2026-07-19T15:50:13.954Z	15:50:13   ├─ /blog/tag/Fiori/index.html (+1ms) 
2026-07-19T15:50:13.957Z	15:50:13   ├─ /blog/tag/SAP S4HANA/index.html (+4ms) 
2026-07-19T15:50:13.959Z	15:50:13   ├─ /blog/tag/工作社会/index.html (+1ms) 
2026-07-19T15:50:13.963Z	15:50:13   ├─ /blog/tag/职业思考/index.html (+4ms) 
2026-07-19T15:50:13.964Z	15:50:13   ├─ /blog/tag/未来趋势/index.html (+1ms) 
2026-07-19T15:50:13.965Z	15:50:13   ├─ /blog/tag/认知/index.html (+1ms) 
2026-07-19T15:50:13.968Z	15:50:13   ├─ /blog/tag/读书笔记/index.html (+2ms) 
2026-07-19T15:50:13.974Z	15:50:13   ├─ /blog/tag/心理学/index.html (+2ms) 
2026-07-19T15:50:13.976Z	15:50:13   ├─ /blog/tag/框架选择/index.html (+7ms) 
2026-07-19T15:50:13.978Z	15:50:13   ├─ /blog/tag/知乎专栏/index.html (+2ms) 
2026-07-19T15:50:13.982Z	15:50:13   ├─ /blog/tag/index.htmlPosts count: 27
2026-07-19T15:50:13.982Z	First post tags: [ 'SAP', 'ABAP', 'Cheat Sheet' ]
2026-07-19T15:50:13.983Z	Sorted tags: [
2026-07-19T15:50:13.983Z	  [ 'SAP', 10 ],            [ 'ABAP', 8 ],
2026-07-19T15:50:13.983Z	  [ '前端开发', 6 ],        [ '驻厂日记', 5 ],
2026-07-19T15:50:13.983Z	  [ 'Cheat Sheet', 2 ],     [ 'Web开发', 2 ],
2026-07-19T15:50:13.984Z	  [ 'Fiori', 2 ],           [ 'SAP S4HANA', 2 ],
2026-07-19T15:50:13.984Z	  [ 'Docker', 1 ],          [ 'Roadmap', 1 ],
2026-07-19T15:50:13.984Z	  [ 'Function Module', 1 ], [ 'HTTP', 1 ],
2026-07-19T15:50:13.985Z	  [ '远程工作', 1 ],        [ '工作与生活平衡', 1 ],
2026-07-19T15:50:13.985Z	  [ '编程', 1 ],            [ '大模型', 1 ],
2026-07-19T15:50:13.985Z	  [ '思考', 1 ],            [ '作品集', 1 ],
2026-07-19T15:50:13.985Z	  [ '职业发展', 1 ],        [ '软技能', 1 ],
2026-07-19T15:50:13.985Z	  [ '团队协作', 1 ],        [ '沟通技巧', 1 ],
2026-07-19T15:50:13.985Z	  [ '深度思考', 1 ],        [ '认知提升', 1 ],
2026-07-19T15:50:13.986Z	  [ '方法论', 1 ],          [ 'dotABAP', 1 ],
2026-07-19T15:50:13.986Z	  [ '技术演进', 1 ],        [ 'Astro.js', 1 ],
2026-07-19T15:50:13.986Z	  [ '框架', 1 ],            [ '性能优化', 1 ],
2026-07-19T15:50:13.986Z	  [ 'Web性能', 1 ],         [ '乱码问题', 1 ],
2026-07-19T15:50:13.986Z	  [ 'Rough Notation', 1 ],  [ 'Astro', 1 ],
2026-07-19T15:50:13.986Z	  [ '动画效果', 1 ],        [ '工作社会', 1 ],
2026-07-19T15:50:13.987Z	  [ '职业思考', 1 ],        [ '未来趋势', 1 ],
2026-07-19T15:50:13.987Z	  [ '认知', 1 ],            [ '读书笔记', 1 ],
2026-07-19T15:50:13.987Z	  [ '心理学', 1 ],          [ '框架选择', 1 ],
2026-07-19T15:50:13.987Z	  [ '知乎专栏', 1 ]
2026-07-19T15:50:13.987Z	]
2026-07-19T15:50:13.987Z	 (+9ms) 
2026-07-19T15:50:14.009Z	15:50:13   ├─ /blog/rough-notation-hand-drawn-annotations/index.html (+22ms) 
2026-07-19T15:50:14.017Z	15:50:14   ├─ /blog/abap-fm-json-in-depth-analysis/index.html (+8ms) 
2026-07-19T15:50:14.020Z	15:50:14   ├─ /blog/dotabap-daily-recommendation-abap-fm-json/index.html (+3ms) 
2026-07-19T15:50:14.023Z	15:50:14   ├─ /blog/the-power-of-now/index.html (+3ms) 
2026-07-19T15:50:14.026Z	15:50:14   ├─ /blog/ai-make-people-spend-more-time/index.html (+3ms) 
2026-07-19T15:50:14.031Z	15:50:14   ├─ /blog/deep-thinking-is-a-calibration-loop/index.html (+4ms) 
2026-07-19T15:50:14.039Z	15:50:14   ├─ /blog/abap-cheat-sheets-01_internal_tables/index.html (+8ms) 
2026-07-19T15:50:14.046Z	15:50:14   ├─ /blog/abap-cheat-sheets-introduce/index.html (+7ms) 
2026-07-19T15:50:14.050Z	15:50:14   ├─ /blog/sap-fiori-apps-and-task-list/index.html (+2ms) 
2026-07-19T15:50:14.051Z	15:50:14   ├─ /blog/sap-fiori-s4hana/index.html (+3ms) 
2026-07-19T15:50:14.054Z	15:50:14   ├─ /blog/zhihu-column-summary/index.html (+2ms) 
2026-07-19T15:50:14.059Z	15:50:14   ├─ /blog/the-end-of-the-working-society/index.html (+5ms) 
2026-07-19T15:50:14.061Z	15:50:14   ├─ /blog/abap-developer-road/index.html (+2ms) 
2026-07-19T15:50:14.063Z	15:50:14   ├─ /blog/evolution-of-front-end-development/index.html (+2ms) 
2026-07-19T15:50:14.066Z	15:50:14   ├─ /blog/your-roadmap-to-framework-selection-success/index.html (+2ms) 
2026-07-19T15:50:14.069Z	15:50:14   ├─ /blog/factory-journal-5/index.html (+3ms) 
2026-07-19T15:50:14.072Z	15:50:14   ├─ /blog/factory-journal-4/index.html (+4ms) 
2026-07-19T15:50:14.076Z	15:50:14   ├─ /blog/factory-journal-3/index.html (+3ms) 
2026-07-19T15:50:14.080Z	15:50:14   ├─ /blog/factory-journal-2/index.html (+4ms) 
2026-07-19T15:50:14.084Z	15:50:14   ├─ /blog/factory-journal-1/index.html (+3ms) 
2026-07-19T15:50:14.091Z	15:50:14   ├─ /blog/building-an-impressive-front-end-developer-portfolio/index.html (+7ms) 
2026-07-19T15:50:14.092Z	15:50:14   ├─ /blog/garbled-text/index.html (+2ms) 
2026-07-19T15:50:14.096Z	15:50:14   ├─ /blog/unleashing-the-power-of-tailwind-css/index.html (+3ms) 
2026-07-19T15:50:14.098Z	15:50:14   ├─ /blog/abap-cloud-developer-trial/index.html (+2ms) 
2026-07-19T15:50:14.100Z	15:50:14   ├─ /blog/ultimate-front-end-developer-career-roadmap/index.html (+2ms) 
2026-07-19T15:50:14.102Z	15:50:14   ├─ /blog/front-end-techniques-for-optimizing-website-performance/index.html (+2ms) 
2026-07-19T15:50:14.104Z	15:50:14   ├─ /blog/advantages-disadvantages-of-working-from-home/index.html (+2ms) 
2026-07-19T15:50:14.107Z	15:50:14   ├─ /blog/communication-and-collaboration-for-front-end-developers/index.html (+2ms) 
2026-07-19T15:50:14.108Z	15:50:14   ├─ /blog/exploring-the-future-of-front-end-development/index.html (+2ms) 
2026-07-19T15:50:14.119Z	15:50:14   ├─ /blog/index.html (+10ms) 
2026-07-19T15:50:14.127Z	15:50:14   ├─ /blog/2/index.html (+9ms) 
2026-07-19T15:50:14.149Z	15:50:14   ├─ /blog/3/index.html (+22ms) 
2026-07-19T15:50:14.160Z	15:50:14   ├─ /blog/4/index.html (+10ms) 
2026-07-19T15:50:14.168Z	15:50:14   ├─ /blog/5/index.html (+8ms) 
2026-07-19T15:50:14.179Z	15:50:14   ├─ /blog/6/index.html (+11ms) 
2026-07-19T15:50:14.185Z	15:50:14   ├─ /notes/index.html (+6ms) 
2026-07-19T15:50:14.232Z	15:50:14   ├─ /rss.xml (+47ms) 
2026-07-19T15:50:14.247Z	15:50:14   ├─ /index.html (+15ms) 
2026-07-19T15:50:14.250Z	15:50:14   ├─ /about/index.html (+3ms) 
2026-07-19T15:50:14.254Z	15:50:14   ├─ /contact/index.html (+4ms) 
2026-07-19T15:50:14.255Z	15:50:14   ├─ /terms/index.html (+1ms) 
2026-07-19T15:50:14.256Z	15:50:14 ✓ Completed in 509ms.
2026-07-19T15:50:14.256Z	
2026-07-19T15:50:14.258Z	15:50:14 [build] ✓ Completed in 4.01s.
2026-07-19T15:50:14.277Z	15:50:14 [@astrojs/sitemap] `sitemap-index.xml` created at `dist`
2026-07-19T15:50:14.365Z	15:50:14 [pagefind] Pagefind indexed 84 pages
2026-07-19T15:50:14.461Z	15:50:14 [pagefind] Pagefind wrote index to /opt/buildhome/repo/dist/pagefind
2026-07-19T15:50:14.461Z	15:50:14 [build] 84 page(s) built in 6.02s
2026-07-19T15:50:14.461Z	15:50:14 [build] Complete!
2026-07-19T15:50:14.507Z	Success: Build command completed
2026-07-19T15:50:14.733Z	Executing user deploy command: npx wrangler deploy
2026-07-19T15:50:16.183Z	npm warn exec The following package was not found and will be installed: wrangler@4.112.0
2026-07-19T15:50:25.351Z	
2026-07-19T15:50:25.352Z	 ⛅️ wrangler 4.112.0
2026-07-19T15:50:25.352Z	────────────────────
2026-07-19T15:50:26.701Z	🌀 Building list of assets...
2026-07-19T15:50:26.715Z	✨ Read 298 files from the assets directory /opt/buildhome/repo/dist
2026-07-19T15:50:26.795Z	🌀 Starting asset upload...
2026-07-19T15:50:28.847Z	🌀 Found 135 new or modified static assets to upload. Proceeding with upload...
2026-07-19T15:50:28.847Z	+ /pagefind/pagefind-entry.json
2026-07-19T15:50:28.847Z	+ /pagefind/fragment/en_bfd46b1.pf_fragment
2026-07-19T15:50:28.847Z	+ /pagefind/fragment/en_dc88848.pf_fragment
2026-07-19T15:50:28.847Z	+ /pagefind/fragment/en_2df5973.pf_fragment
2026-07-19T15:50:28.847Z	+ /pagefind/pagefind.en_e038a238ab.pf_meta
2026-07-19T15:50:28.847Z	+ /_astro/zhihu.CWuwgZBi.svg
2026-07-19T15:50:28.847Z	+ /pagefind/fragment/en_da358df.pf_fragment
2026-07-19T15:50:28.848Z	+ /pagefind/fragment/en_995ba9d.pf_fragment
2026-07-19T15:50:28.848Z	+ /pagefind/fragment/en_88d3594.pf_fragment
2026-07-19T15:50:28.848Z	+ /pagefind/fragment/en_49aeb92.pf_fragment
2026-07-19T15:50:28.848Z	+ /pagefind/fragment/en_7eb2978.pf_fragment
2026-07-19T15:50:28.848Z	+ /pagefind/fragment/en_d7fb9da.pf_fragment
2026-07-19T15:50:28.848Z	+ /pagefind/fragment/en_99b1522.pf_fragment
2026-07-19T15:50:28.848Z	+ /pagefind/fragment/en_70da37e.pf_fragment
2026-07-19T15:50:28.848Z	+ /pagefind/fragment/en_57ab2f4.pf_fragment
2026-07-19T15:50:28.848Z	+ /sitemap-0.xml
2026-07-19T15:50:28.848Z	+ /pagefind/index/en_fd9267e.pf_index
2026-07-19T15:50:28.848Z	+ /about/index.html
2026-07-19T15:50:28.848Z	+ /blog/abap-developer-road/index.html
2026-07-19T15:50:28.848Z	+ /blog/the-end-of-the-working-society/index.html
2026-07-19T15:50:28.849Z	+ /blog/advantages-disadvantages-of-working-from-home/index.html
2026-07-19T15:50:28.849Z	+ /blog/factory-journal-1/index.html
2026-07-19T15:50:28.849Z	+ /blog/abap-cheat-sheets-introduce/index.html
2026-07-19T15:50:28.849Z	+ /blog/ultimate-front-end-developer-career-roadmap/index.html
2026-07-19T15:50:28.849Z	+ /blog/building-an-impressive-front-end-developer-portfolio/index.html
2026-07-19T15:50:28.860Z	+ /blog/tag/职业思考/index.html
2026-07-19T15:50:28.860Z	+ /blog/tag/深度思考/index.html
2026-07-19T15:50:28.860Z	+ /blog/tag/远程工作/index.html
2026-07-19T15:50:28.860Z	+ /blog/tag/工作与生活平衡/index.html
2026-07-19T15:50:28.860Z	+ /blog/tag/软技能/index.html
2026-07-19T15:50:28.860Z	+ /blog/tag/Web性能/index.html
2026-07-19T15:50:28.860Z	+ /blog/ai-make-people-spend-more-time/index.html
2026-07-19T15:50:28.860Z	+ /blog/garbled-text/index.html
2026-07-19T15:50:28.860Z	+ /blog/sap-fiori-apps-and-task-list/index.html
2026-07-19T15:50:28.860Z	+ /blog/tag/读书笔记/index.html
2026-07-19T15:50:28.860Z	+ /blog/tag/编程/index.html
2026-07-19T15:50:28.860Z	+ /blog/tag/Rough Notation/index.html
2026-07-19T15:50:28.860Z	+ /blog/dotabap-daily-recommendation-abap-fm-json/index.html
2026-07-19T15:50:28.860Z	+ /blog/abap-cheat-sheets-01_internal_tables/index.html
2026-07-19T15:50:28.860Z	+ /blog/tag/SAP S4HANA/index.html
2026-07-19T15:50:28.860Z	+ /blog/tag/Cheat Sheet/index.html
2026-07-19T15:50:28.860Z	+ /blog/tag/前端开发/index.html
2026-07-19T15:50:28.860Z	+ /blog/4/index.html
2026-07-19T15:50:28.860Z	+ /blog/index.html
2026-07-19T15:50:28.860Z	+ /blog/abap-fm-json-in-depth-analysis/index.html
2026-07-19T15:50:28.860Z	+ /pagefind/fragment/en_891be18.pf_fragment
2026-07-19T15:50:28.861Z	+ /pagefind/fragment/en_cc8e2d4.pf_fragment
2026-07-19T15:50:28.861Z	+ /pagefind/fragment/en_12fed63.pf_fragment
2026-07-19T15:50:28.861Z	+ /pagefind/fragment/en_9dd6194.pf_fragment
2026-07-19T15:50:28.861Z	+ /pagefind/fragment/en_457a1d9.pf_fragment
2026-07-19T15:50:28.861Z	+ /pagefind/fragment/en_3222fbe.pf_fragment
2026-07-19T15:50:28.861Z	+ /pagefind/fragment/en_8e7ef1e.pf_fragment
2026-07-19T15:50:28.861Z	+ /pagefind/fragment/en_50b899b.pf_fragment
2026-07-19T15:50:28.861Z	+ /pagefind/fragment/en_4e4e4e4.pf_fragment
2026-07-19T15:50:28.861Z	+ /pagefind/fragment/en_15f56f9.pf_fragment
2026-07-19T15:50:28.861Z	+ /_astro/bilibili.C83H5KMa.svg
2026-07-19T15:50:28.861Z	+ /pagefind/fragment/en_16cfe7e.pf_fragment
2026-07-19T15:50:28.861Z	+ /pagefind/fragment/en_377c263.pf_fragment
2026-07-19T15:50:28.861Z	+ /pagefind/fragment/en_83cb167.pf_fragment
2026-07-19T15:50:28.861Z	+ /pagefind/fragment/en_b120ae8.pf_fragment
2026-07-19T15:50:28.861Z	+ /pagefind/fragment/en_c4a4886.pf_fragment
2026-07-19T15:50:28.862Z	+ /contact/index.html
2026-07-19T15:50:28.862Z	+ /terms/index.html
2026-07-19T15:50:28.862Z	+ /blog/unleashing-the-power-of-tailwind-css/index.html
2026-07-19T15:50:28.862Z	+ /blog/exploring-the-future-of-front-end-development/index.html
2026-07-19T15:50:28.862Z	+ /blog/factory-journal-3/index.html
2026-07-19T15:50:28.862Z	+ /blog/evolution-of-front-end-development/index.html
2026-07-19T15:50:28.862Z	+ /blog/front-end-techniques-for-optimizing-website-performance/index.html
2026-07-19T15:50:28.862Z	+ /blog/your-roadmap-to-framework-selection-success/index.html
2026-07-19T15:50:28.862Z	+ /blog/tag/工作社会/index.html
2026-07-19T15:50:28.862Z	+ /blog/factory-journal-2/index.html
2026-07-19T15:50:28.862Z	+ /blog/tag/认知提升/index.html
2026-07-19T15:50:28.862Z	+ /blog/tag/Astro.js/index.html
2026-07-19T15:50:28.862Z	+ /blog/the-power-of-now/index.html
2026-07-19T15:50:28.862Z	+ /blog/tag/团队协作/index.html
2026-07-19T15:50:28.862Z	+ /blog/sap-fiori-s4hana/index.html
2026-07-19T15:50:28.862Z	+ /blog/tag/作品集/index.html
2026-07-19T15:50:28.862Z	+ /blog/tag/框架选择/index.html
2026-07-19T15:50:28.863Z	+ /blog/tag/认知/index.html
2026-07-19T15:50:28.863Z	+ /blog/abap-cloud-developer-trial/index.html
2026-07-19T15:50:28.863Z	+ /blog/tag/大模型/index.html
2026-07-19T15:50:28.863Z	+ /blog/tag/动画效果/index.html
2026-07-19T15:50:28.863Z	+ /blog/tag/Docker/index.html
2026-07-19T15:50:28.863Z	+ /blog/tag/dotABAP/index.html
2026-07-19T15:50:28.863Z	+ /_astro/BaseLayout.Btlg7-Ut.css
2026-07-19T15:50:28.863Z	+ /blog/tag/驻厂日记/index.html
2026-07-19T15:50:28.863Z	+ /blog/2/index.html
2026-07-19T15:50:28.863Z	+ /blog/5/index.html
2026-07-19T15:50:28.864Z	+ /blog/tag/HTTP/index.html
2026-07-19T15:50:28.864Z	+ /blog/tag/ABAP/index.html
2026-07-19T15:50:28.864Z	+ /pagefind/fragment/en_8135f92.pf_fragment
2026-07-19T15:50:28.864Z	+ /pagefind/fragment/en_e8fb5c5.pf_fragment
2026-07-19T15:50:28.864Z	+ /pagefind/fragment/en_2b55e92.pf_fragment
2026-07-19T15:50:28.864Z	+ /pagefind/fragment/en_c1c346c.pf_fragment
2026-07-19T15:50:28.864Z	+ /pagefind/fragment/en_2984ba7.pf_fragment
2026-07-19T15:50:28.865Z	+ /pagefind/fragment/en_77d174b.pf_fragment
2026-07-19T15:50:28.865Z	+ /pagefind/fragment/en_54d1411.pf_fragment
2026-07-19T15:50:28.865Z	+ /pagefind/fragment/en_94bdeb3.pf_fragment
2026-07-19T15:50:28.865Z	+ /pagefind/fragment/en_525e279.pf_fragment
2026-07-19T15:50:28.865Z	+ /pagefind/fragment/en_69df9fd.pf_fragment
2026-07-19T15:50:28.865Z	   (truncating changed assets log, set `WRANGLER_LOG=debug` environment variable to see full diff)
2026-07-19T15:50:30.338Z	Uploaded 45 of 135 assets
2026-07-19T15:50:30.346Z	Uploaded 90 of 135 assets
2026-07-19T15:50:30.711Z	Uploaded 135 of 135 assets
2026-07-19T15:50:30.712Z	✨ Success! Uploaded 135 files (76 already uploaded) (1.86 sec)
2026-07-19T15:50:30.712Z	
2026-07-19T15:50:30.731Z	Total Upload: 0.33 KiB / gzip: 0.24 KiB
2026-07-19T15:49:48.377Z	Initializing build environment...
2026-07-19T15:49:50.681Z	Success: Finished initializing build environment
2026-07-19T15:49:51.621Z	Cloning repository...
2026-07-19T15:49:53.763Z	Restoring from dependencies cache
2026-07-19T15:49:53.765Z	Restoring from build output cache
2026-07-19T15:49:53.768Z	Detected the following tools from environment: npm@10.9.2, nodejs@22.16.0
2026-07-19T15:49:53.854Z	Installing project dependencies: npm clean-install --progress=false
2026-07-19T15:50:05.251Z	
2026-07-19T15:50:05.252Z	added 362 packages, and audited 363 packages in 9s
2026-07-19T15:50:05.252Z	
2026-07-19T15:50:05.255Z	193 packages are looking for funding
2026-07-19T15:50:05.255Z	  run `npm fund` for details
2026-07-19T15:50:05.267Z	
2026-07-19T15:50:05.267Z	3 low severity vulnerabilities
2026-07-19T15:50:05.268Z	
2026-07-19T15:50:05.268Z	To address all issues (including breaking changes), run:
2026-07-19T15:50:05.268Z	  npm audit fix --force
2026-07-19T15:50:05.268Z	
2026-07-19T15:50:05.268Z	Run `npm audit` for details.
2026-07-19T15:50:05.550Z	Executing user build command: npm run build
2026-07-19T15:50:06.806Z	
2026-07-19T15:50:06.806Z	> ovidius-astro-theme@1.0.0 build
2026-07-19T15:50:06.807Z	> astro build
2026-07-19T15:50:06.807Z	
2026-07-19T15:50:08.451Z	15:50:08 [WARN] [@astrojs/mdx] `remarkPlugins` on `mdx({...})` is deprecated. Pass it to `unified({...})` from `@astrojs/markdown-remark` and set it as `markdown.processor` instead — MDX will inherit it. Will be removed in a future major.
2026-07-19T15:50:09.143Z	15:50:09 [content] Syncing content
2026-07-19T15:50:10.249Z	15:50:10 [content] Synced content
2026-07-19T15:50:10.251Z	15:50:10 [types] Generated 1.79s
2026-07-19T15:50:10.255Z	15:50:10 [build] output: "static"
2026-07-19T15:50:10.255Z	15:50:10 [build] mode: "static"
2026-07-19T15:50:10.255Z	15:50:10 [build] directory: /opt/buildhome/repo/dist/
2026-07-19T15:50:10.256Z	15:50:10 [build] Collecting build info...
2026-07-19T15:50:10.256Z	15:50:10 [build] ✓ Completed in 1.81s.
2026-07-19T15:50:10.256Z	15:50:10 [build] Building static entrypoints...
2026-07-19T15:50:13.603Z	15:50:13 [vite] ✓ built in 3.29s
2026-07-19T15:50:13.739Z	15:50:13 [vite] ✓ built in 134ms
2026-07-19T15:50:13.745Z	15:50:13 [build] Rearranging server assets...
2026-07-19T15:50:13.767Z	
2026-07-19T15:50:13.767Z	 generating static routes 
2026-07-19T15:50:13.835Z	15:50:13   ├─ /blog/tag/SAP/index.html (+19ms) 
2026-07-19T15:50:13.839Z	15:50:13   ├─ /blog/tag/ABAP/index.html (+5ms) 
2026-07-19T15:50:13.843Z	15:50:13   ├─ /blog/tag/Cheat Sheet/index.html (+4ms) 
2026-07-19T15:50:13.846Z	15:50:13   ├─ /blog/tag/Docker/index.html (+3ms) 
2026-07-19T15:50:13.849Z	15:50:13   ├─ /blog/tag/Roadmap/index.html (+3ms) 
2026-07-19T15:50:13.852Z	15:50:13   ├─ /blog/tag/Function Module/index.html (+3ms) 
2026-07-19T15:50:13.856Z	15:50:13   ├─ /blog/tag/HTTP/index.html (+4ms) 
2026-07-19T15:50:13.860Z	15:50:13   ├─ /blog/tag/远程工作/index.html (+4ms) 
2026-07-19T15:50:13.866Z	15:50:13   ├─ /blog/tag/工作与生活平衡/index.html (+5ms) 
2026-07-19T15:50:13.869Z	15:50:13   ├─ /blog/tag/编程/index.html (+4ms) 
2026-07-19T15:50:13.873Z	15:50:13   ├─ /blog/tag/大模型/index.html (+3ms) 
2026-07-19T15:50:13.879Z	15:50:13   ├─ /blog/tag/思考/index.html (+6ms) 
2026-07-19T15:50:13.884Z	15:50:13   ├─ /blog/tag/前端开发/index.html (+5ms) 
2026-07-19T15:50:13.889Z	15:50:13   ├─ /blog/tag/作品集/index.html (+5ms) 
2026-07-19T15:50:13.899Z	15:50:13   ├─ /blog/tag/职业发展/index.html (+10ms) 
2026-07-19T15:50:13.900Z	15:50:13   ├─ /blog/tag/软技能/index.html (+2ms) 
2026-07-19T15:50:13.902Z	15:50:13   ├─ /blog/tag/团队协作/index.html (+2ms) 
2026-07-19T15:50:13.904Z	15:50:13   ├─ /blog/tag/沟通技巧/index.html (+2ms) 
2026-07-19T15:50:13.906Z	15:50:13   ├─ /blog/tag/深度思考/index.html (+2ms) 
2026-07-19T15:50:13.908Z	15:50:13   ├─ /blog/tag/认知提升/index.html (+2ms) 
2026-07-19T15:50:13.919Z	15:50:13   ├─ /blog/tag/方法论/index.html (+11ms) 
2026-07-19T15:50:13.924Z	15:50:13   ├─ /blog/tag/dotABAP/index.html (+6ms) 
2026-07-19T15:50:13.928Z	15:50:13   ├─ /blog/tag/Web开发/index.html (+3ms) 
2026-07-19T15:50:13.934Z	15:50:13   ├─ /blog/tag/技术演进/index.html (+6ms) 
2026-07-19T15:50:13.935Z	15:50:13   ├─ /blog/tag/Astro.js/index.html (+2ms) 
2026-07-19T15:50:13.940Z	15:50:13   ├─ /blog/tag/框架/index.html (+4ms) 
2026-07-19T15:50:13.942Z	15:50:13   ├─ /blog/tag/驻厂日记/index.html (+3ms) 
2026-07-19T15:50:13.944Z	15:50:13   ├─ /blog/tag/性能优化/index.html (+2ms) 
2026-07-19T15:50:13.946Z	15:50:13   ├─ /blog/tag/Web性能/index.html (+2ms) 
2026-07-19T15:50:13.948Z	15:50:13   ├─ /blog/tag/乱码问题/index.html (+1ms) 
2026-07-19T15:50:13.950Z	15:50:13   ├─ /blog/tag/Rough Notation/index.html (+2ms) 
2026-07-19T15:50:13.951Z	15:50:13   ├─ /blog/tag/Astro/index.html (+1ms) 
2026-07-19T15:50:13.952Z	15:50:13   ├─ /blog/tag/动画效果/index.html (+1ms) 
2026-07-19T15:50:13.954Z	15:50:13   ├─ /blog/tag/Fiori/index.html (+1ms) 
2026-07-19T15:50:13.957Z	15:50:13   ├─ /blog/tag/SAP S4HANA/index.html (+4ms) 
2026-07-19T15:50:13.959Z	15:50:13   ├─ /blog/tag/工作社会/index.html (+1ms) 
2026-07-19T15:50:13.963Z	15:50:13   ├─ /blog/tag/职业思考/index.html (+4ms) 
2026-07-19T15:50:13.964Z	15:50:13   ├─ /blog/tag/未来趋势/index.html (+1ms) 
2026-07-19T15:50:13.965Z	15:50:13   ├─ /blog/tag/认知/index.html (+1ms) 
2026-07-19T15:50:13.968Z	15:50:13   ├─ /blog/tag/读书笔记/index.html (+2ms) 
2026-07-19T15:50:13.974Z	15:50:13   ├─ /blog/tag/心理学/index.html (+2ms) 
2026-07-19T15:50:13.976Z	15:50:13   ├─ /blog/tag/框架选择/index.html (+7ms) 
2026-07-19T15:50:13.978Z	15:50:13   ├─ /blog/tag/知乎专栏/index.html (+2ms) 
2026-07-19T15:50:13.982Z	15:50:13   ├─ /blog/tag/index.htmlPosts count: 27
2026-07-19T15:50:13.982Z	First post tags: [ 'SAP', 'ABAP', 'Cheat Sheet' ]
2026-07-19T15:50:13.983Z	Sorted tags: [
2026-07-19T15:50:13.983Z	  [ 'SAP', 10 ],            [ 'ABAP', 8 ],
2026-07-19T15:50:13.983Z	  [ '前端开发', 6 ],        [ '驻厂日记', 5 ],
2026-07-19T15:50:13.983Z	  [ 'Cheat Sheet', 2 ],     [ 'Web开发', 2 ],
2026-07-19T15:50:13.984Z	  [ 'Fiori', 2 ],           [ 'SAP S4HANA', 2 ],
2026-07-19T15:50:13.984Z	  [ 'Docker', 1 ],          [ 'Roadmap', 1 ],
2026-07-19T15:50:13.984Z	  [ 'Function Module', 1 ], [ 'HTTP', 1 ],
2026-07-19T15:50:13.985Z	  [ '远程工作', 1 ],        [ '工作与生活平衡', 1 ],
2026-07-19T15:50:13.985Z	  [ '编程', 1 ],            [ '大模型', 1 ],
2026-07-19T15:50:13.985Z	  [ '思考', 1 ],            [ '作品集', 1 ],
2026-07-19T15:50:13.985Z	  [ '职业发展', 1 ],        [ '软技能', 1 ],
2026-07-19T15:50:13.985Z	  [ '团队协作', 1 ],        [ '沟通技巧', 1 ],
2026-07-19T15:50:13.985Z	  [ '深度思考', 1 ],        [ '认知提升', 1 ],
2026-07-19T15:50:13.986Z	  [ '方法论', 1 ],          [ 'dotABAP', 1 ],
2026-07-19T15:50:13.986Z	  [ '技术演进', 1 ],        [ 'Astro.js', 1 ],
2026-07-19T15:50:13.986Z	  [ '框架', 1 ],            [ '性能优化', 1 ],
2026-07-19T15:50:13.986Z	  [ 'Web性能', 1 ],         [ '乱码问题', 1 ],
2026-07-19T15:50:13.986Z	  [ 'Rough Notation', 1 ],  [ 'Astro', 1 ],
2026-07-19T15:50:13.986Z	  [ '动画效果', 1 ],        [ '工作社会', 1 ],
2026-07-19T15:50:13.987Z	  [ '职业思考', 1 ],        [ '未来趋势', 1 ],
2026-07-19T15:50:13.987Z	  [ '认知', 1 ],            [ '读书笔记', 1 ],
2026-07-19T15:50:13.987Z	  [ '心理学', 1 ],          [ '框架选择', 1 ],
2026-07-19T15:50:13.987Z	  [ '知乎专栏', 1 ]
2026-07-19T15:50:13.987Z	]
2026-07-19T15:50:13.987Z	 (+9ms) 
2026-07-19T15:50:14.009Z	15:50:13   ├─ /blog/rough-notation-hand-drawn-annotations/index.html (+22ms) 
2026-07-19T15:50:14.017Z	15:50:14   ├─ /blog/abap-fm-json-in-depth-analysis/index.html (+8ms) 
2026-07-19T15:50:14.020Z	15:50:14   ├─ /blog/dotabap-daily-recommendation-abap-fm-json/index.html (+3ms) 
2026-07-19T15:50:14.023Z	15:50:14   ├─ /blog/the-power-of-now/index.html (+3ms) 
2026-07-19T15:50:14.026Z	15:50:14   ├─ /blog/ai-make-people-spend-more-time/index.html (+3ms) 
2026-07-19T15:50:14.031Z	15:50:14   ├─ /blog/deep-thinking-is-a-calibration-loop/index.html (+4ms) 
2026-07-19T15:50:14.039Z	15:50:14   ├─ /blog/abap-cheat-sheets-01_internal_tables/index.html (+8ms) 
2026-07-19T15:50:14.046Z	15:50:14   ├─ /blog/abap-cheat-sheets-introduce/index.html (+7ms) 
2026-07-19T15:50:14.050Z	15:50:14   ├─ /blog/sap-fiori-apps-and-task-list/index.html (+2ms) 
2026-07-19T15:50:14.051Z	15:50:14   ├─ /blog/sap-fiori-s4hana/index.html (+3ms) 
2026-07-19T15:50:14.054Z	15:50:14   ├─ /blog/zhihu-column-summary/index.html (+2ms) 
2026-07-19T15:50:14.059Z	15:50:14   ├─ /blog/the-end-of-the-working-society/index.html (+5ms) 
2026-07-19T15:50:14.061Z	15:50:14   ├─ /blog/abap-developer-road/index.html (+2ms) 
2026-07-19T15:50:14.063Z	15:50:14   ├─ /blog/evolution-of-front-end-development/index.html (+2ms) 
2026-07-19T15:50:14.066Z	15:50:14   ├─ /blog/your-roadmap-to-framework-selection-success/index.html (+2ms) 
2026-07-19T15:50:14.069Z	15:50:14   ├─ /blog/factory-journal-5/index.html (+3ms) 
2026-07-19T15:50:14.072Z	15:50:14   ├─ /blog/factory-journal-4/index.html (+4ms) 
2026-07-19T15:50:14.076Z	15:50:14   ├─ /blog/factory-journal-3/index.html (+3ms) 
2026-07-19T15:50:14.080Z	15:50:14   ├─ /blog/factory-journal-2/index.html (+4ms) 
2026-07-19T15:50:14.084Z	15:50:14   ├─ /blog/factory-journal-1/index.html (+3ms) 
2026-07-19T15:50:14.091Z	15:50:14   ├─ /blog/building-an-impressive-front-end-developer-portfolio/index.html (+7ms) 
2026-07-19T15:50:14.092Z	15:50:14   ├─ /blog/garbled-text/index.html (+2ms) 
2026-07-19T15:50:14.096Z	15:50:14   ├─ /blog/unleashing-the-power-of-tailwind-css/index.html (+3ms) 
2026-07-19T15:50:14.098Z	15:50:14   ├─ /blog/abap-cloud-developer-trial/index.html (+2ms) 
2026-07-19T15:50:14.100Z	15:50:14   ├─ /blog/ultimate-front-end-developer-career-roadmap/index.html (+2ms) 
2026-07-19T15:50:14.102Z	15:50:14   ├─ /blog/front-end-techniques-for-optimizing-website-performance/index.html (+2ms) 
2026-07-19T15:50:14.104Z	15:50:14   ├─ /blog/advantages-disadvantages-of-working-from-home/index.html (+2ms) 
2026-07-19T15:50:14.107Z	15:50:14   ├─ /blog/communication-and-collaboration-for-front-end-developers/index.html (+2ms) 
2026-07-19T15:50:14.108Z	15:50:14   ├─ /blog/exploring-the-future-of-front-end-development/index.html (+2ms) 
2026-07-19T15:50:14.119Z	15:50:14   ├─ /blog/index.html (+10ms) 
2026-07-19T15:50:14.127Z	15:50:14   ├─ /blog/2/index.html (+9ms) 
2026-07-19T15:50:14.149Z	15:50:14   ├─ /blog/3/index.html (+22ms) 
2026-07-19T15:50:14.160Z	15:50:14   ├─ /blog/4/index.html (+10ms) 
2026-07-19T15:50:14.168Z	15:50:14   ├─ /blog/5/index.html (+8ms) 
2026-07-19T15:50:14.179Z	15:50:14   ├─ /blog/6/index.html (+11ms) 
2026-07-19T15:50:14.185Z	15:50:14   ├─ /notes/index.html (+6ms) 
2026-07-19T15:50:14.232Z	15:50:14   ├─ /rss.xml (+47ms) 
2026-07-19T15:50:14.247Z	15:50:14   ├─ /index.html (+15ms) 
2026-07-19T15:50:14.250Z	15:50:14   ├─ /about/index.html (+3ms) 
2026-07-19T15:50:14.254Z	15:50:14   ├─ /contact/index.html (+4ms) 
2026-07-19T15:50:14.255Z	15:50:14   ├─ /terms/index.html (+1ms) 
2026-07-19T15:50:14.256Z	15:50:14 ✓ Completed in 509ms.
2026-07-19T15:50:14.256Z	
2026-07-19T15:50:14.258Z	15:50:14 [build] ✓ Completed in 4.01s.
2026-07-19T15:50:14.277Z	15:50:14 [@astrojs/sitemap] `sitemap-index.xml` created at `dist`
2026-07-19T15:50:14.365Z	15:50:14 [pagefind] Pagefind indexed 84 pages
2026-07-19T15:50:14.461Z	15:50:14 [pagefind] Pagefind wrote index to /opt/buildhome/repo/dist/pagefind
2026-07-19T15:50:14.461Z	15:50:14 [build] 84 page(s) built in 6.02s
2026-07-19T15:50:14.461Z	15:50:14 [build] Complete!
2026-07-19T15:50:14.507Z	Success: Build command completed
2026-07-19T15:50:14.733Z	Executing user deploy command: npx wrangler deploy
2026-07-19T15:50:16.183Z	npm warn exec The following package was not found and will be installed: wrangler@4.112.0
2026-07-19T15:50:25.351Z	
2026-07-19T15:50:25.352Z	 ⛅️ wrangler 4.112.0
2026-07-19T15:50:25.352Z	────────────────────
2026-07-19T15:50:26.701Z	🌀 Building list of assets...
2026-07-19T15:50:26.715Z	✨ Read 298 files from the assets directory /opt/buildhome/repo/dist
2026-07-19T15:50:26.795Z	🌀 Starting asset upload...
2026-07-19T15:50:28.847Z	🌀 Found 135 new or modified static assets to upload. Proceeding with upload...
2026-07-19T15:50:28.847Z	+ /pagefind/pagefind-entry.json
2026-07-19T15:50:28.847Z	+ /pagefind/fragment/en_bfd46b1.pf_fragment
2026-07-19T15:50:28.847Z	+ /pagefind/fragment/en_dc88848.pf_fragment
2026-07-19T15:50:28.847Z	+ /pagefind/fragment/en_2df5973.pf_fragment
2026-07-19T15:50:28.847Z	+ /pagefind/pagefind.en_e038a238ab.pf_meta
2026-07-19T15:50:28.847Z	+ /_astro/zhihu.CWuwgZBi.svg
2026-07-19T15:50:28.847Z	+ /pagefind/fragment/en_da358df.pf_fragment
2026-07-19T15:50:28.848Z	+ /pagefind/fragment/en_995ba9d.pf_fragment
2026-07-19T15:50:28.848Z	+ /pagefind/fragment/en_88d3594.pf_fragment
2026-07-19T15:50:28.848Z	+ /pagefind/fragment/en_49aeb92.pf_fragment
2026-07-19T15:50:28.848Z	+ /pagefind/fragment/en_7eb2978.pf_fragment
2026-07-19T15:50:28.848Z	+ /pagefind/fragment/en_d7fb9da.pf_fragment
2026-07-19T15:50:28.848Z	+ /pagefind/fragment/en_99b1522.pf_fragment
2026-07-19T15:50:28.848Z	+ /pagefind/fragment/en_70da37e.pf_fragment
2026-07-19T15:50:28.848Z	+ /pagefind/fragment/en_57ab2f4.pf_fragment
2026-07-19T15:50:28.848Z	+ /sitemap-0.xml
2026-07-19T15:50:28.848Z	+ /pagefind/index/en_fd9267e.pf_index
2026-07-19T15:50:28.848Z	+ /about/index.html
2026-07-19T15:50:28.848Z	+ /blog/abap-developer-road/index.html
2026-07-19T15:50:28.848Z	+ /blog/the-end-of-the-working-society/index.html
2026-07-19T15:50:28.849Z	+ /blog/advantages-disadvantages-of-working-from-home/index.html
2026-07-19T15:50:28.849Z	+ /blog/factory-journal-1/index.html
2026-07-19T15:50:28.849Z	+ /blog/abap-cheat-sheets-introduce/index.html
2026-07-19T15:50:28.849Z	+ /blog/ultimate-front-end-developer-career-roadmap/index.html
2026-07-19T15:50:28.849Z	+ /blog/building-an-impressive-front-end-developer-portfolio/index.html
2026-07-19T15:50:28.860Z	+ /blog/tag/职业思考/index.html
2026-07-19T15:50:28.860Z	+ /blog/tag/深度思考/index.html
2026-07-19T15:50:28.860Z	+ /blog/tag/远程工作/index.html
2026-07-19T15:50:28.860Z	+ /blog/tag/工作与生活平衡/index.html
2026-07-19T15:50:28.860Z	+ /blog/tag/软技能/index.html
2026-07-19T15:50:28.860Z	+ /blog/tag/Web性能/index.html
2026-07-19T15:50:28.860Z	+ /blog/ai-make-people-spend-more-time/index.html
2026-07-19T15:50:28.860Z	+ /blog/garbled-text/index.html
2026-07-19T15:50:28.860Z	+ /blog/sap-fiori-apps-and-task-list/index.html
2026-07-19T15:50:28.860Z	+ /blog/tag/读书笔记/index.html
2026-07-19T15:50:28.860Z	+ /blog/tag/编程/index.html
2026-07-19T15:50:28.860Z	+ /blog/tag/Rough Notation/index.html
2026-07-19T15:50:28.860Z	+ /blog/dotabap-daily-recommendation-abap-fm-json/index.html
2026-07-19T15:50:28.860Z	+ /blog/abap-cheat-sheets-01_internal_tables/index.html
2026-07-19T15:50:28.860Z	+ /blog/tag/SAP S4HANA/index.html
2026-07-19T15:50:28.860Z	+ /blog/tag/Cheat Sheet/index.html
2026-07-19T15:50:28.860Z	+ /blog/tag/前端开发/index.html
2026-07-19T15:50:28.860Z	+ /blog/4/index.html
2026-07-19T15:50:28.860Z	+ /blog/index.html
2026-07-19T15:50:28.860Z	+ /blog/abap-fm-json-in-depth-analysis/index.html
2026-07-19T15:50:28.860Z	+ /pagefind/fragment/en_891be18.pf_fragment
2026-07-19T15:50:28.861Z	+ /pagefind/fragment/en_cc8e2d4.pf_fragment
2026-07-19T15:50:28.861Z	+ /pagefind/fragment/en_12fed63.pf_fragment
2026-07-19T15:50:28.861Z	+ /pagefind/fragment/en_9dd6194.pf_fragment
2026-07-19T15:50:28.861Z	+ /pagefind/fragment/en_457a1d9.pf_fragment
2026-07-19T15:50:28.861Z	+ /pagefind/fragment/en_3222fbe.pf_fragment
2026-07-19T15:50:28.861Z	+ /pagefind/fragment/en_8e7ef1e.pf_fragment
2026-07-19T15:50:28.861Z	+ /pagefind/fragment/en_50b899b.pf_fragment
2026-07-19T15:50:28.861Z	+ /pagefind/fragment/en_4e4e4e4.pf_fragment
2026-07-19T15:50:28.861Z	+ /pagefind/fragment/en_15f56f9.pf_fragment
2026-07-19T15:50:28.861Z	+ /_astro/bilibili.C83H5KMa.svg
2026-07-19T15:50:28.861Z	+ /pagefind/fragment/en_16cfe7e.pf_fragment
2026-07-19T15:50:28.861Z	+ /pagefind/fragment/en_377c263.pf_fragment
2026-07-19T15:50:28.861Z	+ /pagefind/fragment/en_83cb167.pf_fragment
2026-07-19T15:50:28.861Z	+ /pagefind/fragment/en_b120ae8.pf_fragment
2026-07-19T15:50:28.861Z	+ /pagefind/fragment/en_c4a4886.pf_fragment
2026-07-19T15:50:28.862Z	+ /contact/index.html
2026-07-19T15:50:28.862Z	+ /terms/index.html
2026-07-19T15:50:28.862Z	+ /blog/unleashing-the-power-of-tailwind-css/index.html
2026-07-19T15:50:28.862Z	+ /blog/exploring-the-future-of-front-end-development/index.html
2026-07-19T15:50:28.862Z	+ /blog/factory-journal-3/index.html
2026-07-19T15:50:28.862Z	+ /blog/evolution-of-front-end-development/index.html
2026-07-19T15:50:28.862Z	+ /blog/front-end-techniques-for-optimizing-website-performance/index.html
2026-07-19T15:50:28.862Z	+ /blog/your-roadmap-to-framework-selection-success/index.html
2026-07-19T15:50:28.862Z	+ /blog/tag/工作社会/index.html
2026-07-19T15:50:28.862Z	+ /blog/factory-journal-2/index.html
2026-07-19T15:50:28.862Z	+ /blog/tag/认知提升/index.html
2026-07-19T15:50:28.862Z	+ /blog/tag/Astro.js/index.html
2026-07-19T15:50:28.862Z	+ /blog/the-power-of-now/index.html
2026-07-19T15:50:28.862Z	+ /blog/tag/团队协作/index.html
2026-07-19T15:50:28.862Z	+ /blog/sap-fiori-s4hana/index.html
2026-07-19T15:50:28.862Z	+ /blog/tag/作品集/index.html
2026-07-19T15:50:28.862Z	+ /blog/tag/框架选择/index.html
2026-07-19T15:50:28.863Z	+ /blog/tag/认知/index.html
2026-07-19T15:50:28.863Z	+ /blog/abap-cloud-developer-trial/index.html
2026-07-19T15:50:28.863Z	+ /blog/tag/大模型/index.html
2026-07-19T15:50:28.863Z	+ /blog/tag/动画效果/index.html
2026-07-19T15:50:28.863Z	+ /blog/tag/Docker/index.html
2026-07-19T15:50:28.863Z	+ /blog/tag/dotABAP/index.html
2026-07-19T15:50:28.863Z	+ /_astro/BaseLayout.Btlg7-Ut.css
2026-07-19T15:50:28.863Z	+ /blog/tag/驻厂日记/index.html
2026-07-19T15:50:28.863Z	+ /blog/2/index.html
2026-07-19T15:50:28.863Z	+ /blog/5/index.html
2026-07-19T15:50:28.864Z	+ /blog/tag/HTTP/index.html
2026-07-19T15:50:28.864Z	+ /blog/tag/ABAP/index.html
2026-07-19T15:50:28.864Z	+ /pagefind/fragment/en_8135f92.pf_fragment
2026-07-19T15:50:28.864Z	+ /pagefind/fragment/en_e8fb5c5.pf_fragment
2026-07-19T15:50:28.864Z	+ /pagefind/fragment/en_2b55e92.pf_fragment
2026-07-19T15:50:28.864Z	+ /pagefind/fragment/en_c1c346c.pf_fragment
2026-07-19T15:50:28.864Z	+ /pagefind/fragment/en_2984ba7.pf_fragment
2026-07-19T15:50:28.865Z	+ /pagefind/fragment/en_77d174b.pf_fragment
2026-07-19T15:50:28.865Z	+ /pagefind/fragment/en_54d1411.pf_fragment
2026-07-19T15:50:28.865Z	+ /pagefind/fragment/en_94bdeb3.pf_fragment
2026-07-19T15:50:28.865Z	+ /pagefind/fragment/en_525e279.pf_fragment
2026-07-19T15:50:28.865Z	+ /pagefind/fragment/en_69df9fd.pf_fragment
2026-07-19T15:50:28.865Z	   (truncating changed assets log, set `WRANGLER_LOG=debug` environment variable to see full diff)
2026-07-19T15:50:30.338Z	Uploaded 45 of 135 assets
2026-07-19T15:50:30.346Z	Uploaded 90 of 135 assets
2026-07-19T15:50:30.711Z	Uploaded 135 of 135 assets
2026-07-19T15:50:30.712Z	✨ Success! Uploaded 135 files (76 already uploaded) (1.86 sec)
2026-07-19T15:50:30.712Z	
2026-07-19T15:50:30.731Z	Total Upload: 0.33 KiB / gzip: 0.24 KiB
2026-07-19T15:50:31.942Z	Your Worker has access to the following bindings:
2026-07-19T15:50:31.942Z	Binding                                             Resource          
2026-07-19T15:50:31.942Z	env.SESSION (3e73f1325a8548799b553f62acadc8ff)      KV Namespace      
2026-07-19T15:50:31.943Z	
2026-07-19T15:50:31.943Z	Uploaded jack-liang (5.50 sec)
2026-07-19T15:50:32.509Z	Deployed jack-liang triggers (0.57 sec)
2026-07-19T15:50:32.510Z	  https://jack-liang.jack-liang-world.workers.dev
2026-07-19T15:50:32.510Z	Current Version ID: 31d18d69-6157-4fc2-839a-232300f65b41
2026-07-19T15:50:32.513Z	
2026-07-19T15:50:32.515Z	Cloudflare collects anonymous telemetry about your usage of Wrangler. Learn more at https://github.com/cloudflare/workers-sdk/tree/main/packages/wrangler/telemetry.md
2026-07-19T15:50:32.620Z	Success: Deploy command completed
2026-07-19T15:50:32.624Z	Uploading to dependency cache
2026-07-19T15:50:32.628Z	Uploading to build output cache
2026-07-19T15:50:32.879Z	Success: Build output uploaded to build cache.
2026-07-19T15:50:38.403Z	Success: Dependencies uploaded to build cache.
2026-07-19T15:50:38.631Z	✨ Success! Build completed.